--------------------------------
10/23/2000 11:31:2
File: 1968.GIF
From: D:\ZIPFILES\COOKING\RECIPES\CHAMPCHILI
To:   D:\ZIPFILES\COOKING\RECIPES\CHAMPCHILI
File: 1968.jpg
Loading ...
Converting ...
Success
--------------------------------
10/23/2000 11:32:46
File: 1976.gif
From: D:\ZIPFILES\Cooking\Recipes\ChampChili
To:   D:\ZIPFILES\Cooking\Recipes\ChampChili
File: 1976.jpg
Loading ...
Converting ...
Success
--------------------------------
10/23/2000 11:33:2
File: 1969_71.gif
From: D:\ZIPFILES\Cooking\Recipes\ChampChili
To:   D:\ZIPFILES\Cooking\Recipes\ChampChili
File: 1969_71.jpg
Loading ...
Converting ...
Success
--------------------------------
10/23/2000 11:33:11
File: 1987.gif
From: D:\ZIPFILES\Cooking\Recipes\ChampChili
To:   D:\ZIPFILES\Cooking\Recipes\ChampChili
File: 1987.jpg
Loading ...
Converting ...
Success
--------------------------------
10/23/2000 11:33:17
File: 1989.gif
From: D:\ZIPFILES\Cooking\Recipes\ChampChili
To:   D:\ZIPFILES\Cooking\Recipes\ChampChili
File: 1989.jpg
Loading ...
Converting ...
Success
--------------------------------
10/23/2000 11:33:24
File: 1995check.gif
From: D:\ZIPFILES\Cooking\Recipes\ChampChili
To:   D:\ZIPFILES\Cooking\Recipes\ChampChili
File: 1995check.jpg
Loading ...
Converting ...
Success
--------------------------------
10/23/2000 11:33:34
File: 1996.gif
From: D:\ZIPFILES\Cooking\Recipes\ChampChili
To:   D:\ZIPFILES\Cooking\Recipes\ChampChili
File: 1996.jpg
Loading ...
Converting ...
Success
--------------------------------
10/23/2000 11:33:43
File: 1997steve.gif
From: D:\ZIPFILES\Cooking\Recipes\ChampChili
To:   D:\ZIPFILES\Cooking\Recipes\ChampChili
File: 1997steve.jpg
Loading ...
Converting ...
Success
Converting complete
